#
# There is insufficient memory for the Java Runtime Environment to continue.
# Native memory allocation (malloc) failed to allocate 1063856 bytes for Chunk::new
# Possible reasons:
#   The system is out of physical RAM or swap space
#   The process is running with CompressedOops enabled, and the Java Heap may be blocking the growth of the native heap
# Possible solutions:
#   Reduce memory load on the system
#   Increase physical memory or swap space
#   Check if swap backing store is full
#   Decrease Java heap size (-Xmx/-Xms)
#   Decrease number of Java threads
#   Decrease Java thread stack sizes (-Xss)
#   Set larger code cache with -XX:ReservedCodeCacheSize=
#   JVM is running with Unscaled Compressed Oops mode in which the Java heap is
#     placed in the first 4GB address space. The Java Heap base address is the
#     maximum limit for the native heap growth. Please use -XX:HeapBaseMinAddress
#     to set the Java Heap base and to place the Java Heap above 4GB virtual address.
# This output file may be truncated or incomplete.
#
#  Out of Memory Error (t:/workspace/open/src/hotspot/share/memory/arena.cpp:197), pid=11368, tid=9352
#
# JRE version: Java(TM) SE Runtime Environment (11.0.5+10) (build 11.0.5+10-LTS)
# Java VM: Java HotSpot(TM) 64-Bit Server VM (11.0.5+10-LTS, mixed mode, tiered, compressed oops, g1 gc, windows-amd64)
# No core dump will be written. Minidumps are not enabled by default on client versions of Windows
#

---------------  S U M M A R Y ------------

Command Line: -XX:MaxMetaspaceSize=256m -XX:+HeapDumpOnOutOfMemoryError --add-opens=java.base/java.util=ALL-UNNAMED --add-opens=java.base/java.lang=ALL-UNNAMED --add-opens=java.base/java.lang.invoke=ALL-UNNAMED --add-opens=java.prefs/java.util.prefs=ALL-UNNAMED -Xms256m -Xmx512m -Dfile.encoding=windows-1252 -Duser.country=US -Duser.language=en -Duser.variant org.gradle.launcher.daemon.bootstrap.GradleDaemon 6.4.1

Host: AMD A8-5545M APU with Radeon(tm) HD Graphics   , 4 cores, 7G,  Windows 10 , 64 bit Build 18362 (10.0.18362.329)
Time: Sat Jun 27 11:09:32 2020 Sri Lanka Standard Time elapsed time: 14 seconds (0d 0h 0m 14s)

---------------  T H R E A D  ---------------

Current thread (0x0000021dfcce0000):  JavaThread "C2 CompilerThread0" daemon [_thread_in_native, id=9352, stack(0x000000780e100000,0x000000780e200000)]


Current CompileTask:
C2:  14982 4090       4       org.objectweb.asm.Frame::execute (2318 bytes)

Stack: [0x000000780e100000,0x000000780e200000]
Native frames: (J=compiled Java code, j=interpreted, Vv=VM code, C=native code)
V  [jvm.dll+0x63611a]
V  [jvm.dll+0x77426f]
V  [jvm.dll+0x77591a]
V  [jvm.dll+0x775fd3]
V  [jvm.dll+0x25e608]
V  [jvm.dll+0xc1f31]
V  [jvm.dll+0xc24bc]
V  [jvm.dll+0x2cf5c4]
V  [jvm.dll+0x55278f]
V  [jvm.dll+0x21a5cf]
V  [jvm.dll+0x217506]
V  [jvm.dll+0x1941bc]
V  [jvm.dll+0x226684]
V  [jvm.dll+0x224c78]
V  [jvm.dll+0x7396cd]
V  [jvm.dll+0x6351c2]
C  [ucrtbase.dll+0x20e72]
C  [KERNEL32.DLL+0x17bd4]
C  [ntdll.dll+0x6ced1]


---------------  P R O C E S S  ---------------

Threads class SMR info:
_java_thread_list=0x0000021dfe2b8070, length=31, elements={
0x0000021df1143800, 0x0000021dfccba800, 0x0000021dfccc3800, 0x0000021dfccdd000,
0x0000021dfccde000, 0x0000021dfcce0000, 0x0000021dfd640800, 0x0000021dfd642800,
0x0000021dfd78a000, 0x0000021dfd7d5800, 0x0000021dfeac1800, 0x0000021dfeb90800,
0x0000021d8f169000, 0x0000021d8f16a000, 0x0000021dfe644800, 0x0000021dfe645800,
0x0000021dfeb4f800, 0x0000021dfe0ff000, 0x0000021dfea8b000, 0x0000021dfebee800,
0x0000021dfdd02800, 0x0000021dfdd03000, 0x0000021dfdd04000, 0x0000021dfdcfe800,
0x0000021dfdd00000, 0x0000021dfdd01800, 0x0000021dfdd05000, 0x0000021dfdcff000,
0x0000021dfdd01000, 0x0000021d913b4000, 0x0000021d913b7800
}

Java Threads: ( => current thread )
  0x0000021df1143800 JavaThread "main" [_thread_blocked, id=12800, stack(0x000000780d600000,0x000000780d700000)]
  0x0000021dfccba800 JavaThread "Reference Handler" daemon [_thread_blocked, id=1304, stack(0x000000780dd00000,0x000000780de00000)]
  0x0000021dfccc3800 JavaThread "Finalizer" daemon [_thread_blocked, id=6792, stack(0x000000780de00000,0x000000780df00000)]
  0x0000021dfccdd000 JavaThread "Signal Dispatcher" daemon [_thread_blocked, id=11632, stack(0x000000780df00000,0x000000780e000000)]
  0x0000021dfccde000 JavaThread "Attach Listener" daemon [_thread_blocked, id=12240, stack(0x000000780e000000,0x000000780e100000)]
=>0x0000021dfcce0000 JavaThread "C2 CompilerThread0" daemon [_thread_in_native, id=9352, stack(0x000000780e100000,0x000000780e200000)]
  0x0000021dfd640800 JavaThread "C1 CompilerThread0" daemon [_thread_blocked, id=11708, stack(0x000000780e200000,0x000000780e300000)]
  0x0000021dfd642800 JavaThread "Sweeper thread" daemon [_thread_blocked, id=3096, stack(0x000000780e300000,0x000000780e400000)]
  0x0000021dfd78a000 JavaThread "Common-Cleaner" daemon [_thread_blocked, id=9532, stack(0x000000780e400000,0x000000780e500000)]
  0x0000021dfd7d5800 JavaThread "Service Thread" daemon [_thread_blocked, id=2712, stack(0x000000780e500000,0x000000780e600000)]
  0x0000021dfeac1800 JavaThread "Daemon health stats" [_thread_blocked, id=12956, stack(0x000000780eb00000,0x000000780ec00000)]
  0x0000021dfeb90800 JavaThread "Incoming local TCP Connector on port 53079" [_thread_in_native, id=252, stack(0x000000780ed00000,0x000000780ee00000)]
  0x0000021d8f169000 JavaThread "Daemon periodic checks" [_thread_blocked, id=14224, stack(0x000000780ee00000,0x000000780ef00000)]
  0x0000021d8f16a000 JavaThread "Daemon" [_thread_blocked, id=4564, stack(0x000000780ef00000,0x000000780f000000)]
  0x0000021dfe644800 JavaThread "Handler for socket connection from /127.0.0.1:53079 to /127.0.0.1:53081" [_thread_in_native, id=14112, stack(0x000000780f000000,0x000000780f100000)]
  0x0000021dfe645800 JavaThread "Cancel handler" [_thread_blocked, id=8160, stack(0x000000780f100000,0x000000780f200000)]
  0x0000021dfeb4f800 JavaThread "Daemon worker" [_thread_in_Java, id=4536, stack(0x000000780f200000,0x000000780f300000)]
  0x0000021dfe0ff000 JavaThread "Asynchronous log dispatcher for DefaultDaemonConnection: socket connection from /127.0.0.1:53079 to /127.0.0.1:53081" [_thread_blocked, id=10464, stack(0x000000780f300000,0x000000780f400000)]
  0x0000021dfea8b000 JavaThread "Stdin handler" [_thread_blocked, id=13172, stack(0x000000780f400000,0x000000780f500000)]
  0x0000021dfebee800 JavaThread "Thread-8" [_thread_blocked, id=10352, stack(0x000000780f500000,0x000000780f600000)]
  0x0000021dfdd02800 JavaThread "Cache worker for journal cache (C:\Users\Lositha\.gradle\caches\journal-1)" [_thread_blocked, id=3280, stack(0x000000780f600000,0x000000780f700000)]
  0x0000021dfdd03000 JavaThread "File lock request listener" [_thread_in_native, id=12408, stack(0x000000780f700000,0x000000780f800000)]
  0x0000021dfdd04000 JavaThread "Cache worker for file hash cache (C:\Users\Lositha\.gradle\caches\6.4.1\fileHashes)" [_thread_blocked, id=11664, stack(0x000000780f800000,0x000000780f900000)]
  0x0000021dfdcfe800 JavaThread "File watcher consumer" daemon [_thread_blocked, id=11068, stack(0x000000780f900000,0x000000780fa00000)]
  0x0000021dfdd00000 JavaThread "Cache worker for file hash cache (D:\W3Academy\w3\.gradle\6.4.1\fileHashes)" [_thread_blocked, id=8768, stack(0x000000780fb00000,0x000000780fc00000)]
  0x0000021dfdd01800 JavaThread "Cache worker for checksums cache (D:\W3Academy\w3\.gradle\checksums)" [_thread_blocked, id=5480, stack(0x000000780fa00000,0x000000780fb00000)]
  0x0000021dfdd05000 JavaThread "Cache worker for cache directory md-supplier (C:\Users\Lositha\.gradle\caches\6.4.1\md-supplier)" [_thread_blocked, id=4844, stack(0x000000780fc00000,0x000000780fd00000)]
  0x0000021dfdcff000 JavaThread "Cache worker for cache directory md-rule (C:\Users\Lositha\.gradle\caches\6.4.1\md-rule)" [_thread_blocked, id=2852, stack(0x000000780fd00000,0x000000780fe00000)]
  0x0000021dfdd01000 JavaThread "Cache worker for execution history cache (C:\Users\Lositha\.gradle\caches\6.4.1\executionHistory)" [_thread_blocked, id=9100, stack(0x000000780ff00000,0x0000007810000000)]
  0x0000021d913b4000 JavaThread "Cache worker for file content cache (C:\Users\Lositha\.gradle\caches\6.4.1\fileContent)" [_thread_blocked, id=13656, stack(0x000000780fe00000,0x000000780ff00000)]
  0x0000021d913b7800 JavaThread "C2 CompilerThread1" daemon [_thread_in_native, id=11596, stack(0x0000007810000000,0x0000007810100000)]

Other Threads:
  0x0000021dfcc93800 VMThread "VM Thread" [stack: 0x000000780dc00000,0x000000780dd00000] [id=13480]
  0x0000021dfd7f8800 WatcherThread [stack: 0x000000780e600000,0x000000780e700000] [id=13056]
  0x0000021df115c800 GCTaskThread "GC Thread#0" [stack: 0x000000780d700000,0x000000780d800000] [id=12936]
  0x0000021dfe00e800 GCTaskThread "GC Thread#1" [stack: 0x000000780e800000,0x000000780e900000] [id=11556]
  0x0000021dfe013000 GCTaskThread "GC Thread#2" [stack: 0x000000780e900000,0x000000780ea00000] [id=12640]
  0x0000021dfe014000 GCTaskThread "GC Thread#3" [stack: 0x000000780ea00000,0x000000780eb00000] [id=9028]
  0x0000021df116c800 ConcurrentGCThread "G1 Main Marker" [stack: 0x000000780d800000,0x000000780d900000] [id=6100]
  0x0000021df116f000 ConcurrentGCThread "G1 Conc#0" [stack: 0x000000780d900000,0x000000780da00000] [id=1676]
  0x0000021df121e000 ConcurrentGCThread "G1 Refine#0" [stack: 0x000000780da00000,0x000000780db00000] [id=12564]
  0x0000021dfcb32800 ConcurrentGCThread "G1 Young RemSet Sampling" [stack: 0x000000780db00000,0x000000780dc00000] [id=10460]

Threads with active compile tasks:
C2 CompilerThread04090       4       org.objectweb.asm.Frame::execute (2318 bytes)
C2 CompilerThread14162       4       groovy.lang.MetaClassImpl$1MOPIter::methodNameAction (325 bytes)

VM state:not at safepoint (normal execution)

VM Mutex/Monitor currently owned by a thread: None

Heap address: 0x00000000e0000000, size: 512 MB, Compressed Oops mode: 32-bit
Narrow klass base: 0x0000000000000000, Narrow klass shift: 3
Compressed class space size: 260046848 Address: 0x0000000100000000

Heap:
 garbage-first heap   total 262144K, used 81931K [0x00000000e0000000, 0x0000000100000000)
  region size 1024K, 51 young (52224K), 11 survivors (11264K)
 Metaspace       used 48137K, capacity 49310K, committed 49456K, reserved 296960K
  class space    used 6052K, capacity 6488K, committed 6528K, reserved 253952K
Heap Regions: E=young(eden), S=young(survivor), O=old, HS=humongous(starts), HC=humongous(continues), CS=collection set, F=free, A=archive, TAMS=top-at-mark-start (previous, next)
|   0|0x00000000e0000000, 0x00000000e0100000, 0x00000000e0100000|100%| O|  |TAMS 0x00000000e0100000, 0x00000000e0000000| Untracked 
|   1|0x00000000e0100000, 0x00000000e0200000, 0x00000000e0200000|100%| O|  |TAMS 0x00000000e0200000, 0x00000000e0100000| Untracked 
|   2|0x00000000e0200000, 0x00000000e0300000, 0x00000000e0300000|100%| O|  |TAMS 0x00000000e0300000, 0x00000000e0200000| Untracked 
|   3|0x00000000e0300000, 0x00000000e0400000, 0x00000000e0400000|100%|HS|  |TAMS 0x00000000e0400000, 0x00000000e0300000| Complete 
|   4|0x00000000e0400000, 0x00000000e0500000, 0x00000000e0500000|100%|HC|  |TAMS 0x00000000e0500000, 0x00000000e0400000| Complete 
|   5|0x00000000e0500000, 0x00000000e0600000, 0x00000000e0600000|100%|HC|  |TAMS 0x00000000e0600000, 0x00000000e0500000| Complete 
|   6|0x00000000e0600000, 0x00000000e0700000, 0x00000000e0700000|100%| O|  |TAMS 0x00000000e0700000, 0x00000000e0600000| Untracked 
|   7|0x00000000e0700000, 0x00000000e0800000, 0x00000000e0800000|100%| O|  |TAMS 0x00000000e0800000, 0x00000000e0700000| Untracked 
|   8|0x00000000e0800000, 0x00000000e0900000, 0x00000000e0900000|100%| O|  |TAMS 0x00000000e0900000, 0x00000000e0800000| Untracked 
|   9|0x00000000e0900000, 0x00000000e0a00000, 0x00000000e0a00000|100%| O|  |TAMS 0x00000000e0a00000, 0x00000000e0900000| Untracked 
|  10|0x00000000e0a00000, 0x00000000e0b00000, 0x00000000e0b00000|100%| O|  |TAMS 0x00000000e0b00000, 0x00000000e0a00000| Untracked 
|  11|0x00000000e0b00000, 0x00000000e0c00000, 0x00000000e0c00000|100%| O|  |TAMS 0x00000000e0c00000, 0x00000000e0b00000| Untracked 
|  12|0x00000000e0c00000, 0x00000000e0d00000, 0x00000000e0d00000|100%| O|  |TAMS 0x00000000e0cc7a00, 0x00000000e0c00000| Untracked 
|  13|0x00000000e0d00000, 0x00000000e0e00000, 0x00000000e0e00000|100%|HS|  |TAMS 0x00000000e0e00000, 0x00000000e0d00000| Complete 
|  14|0x00000000e0e00000, 0x00000000e0f00000, 0x00000000e0f00000|100%|HC|  |TAMS 0x00000000e0f00000, 0x00000000e0e00000| Complete 
|  15|0x00000000e0f00000, 0x00000000e1000000, 0x00000000e1000000|100%|HS|  |TAMS 0x00000000e1000000, 0x00000000e0f00000| Complete 
|  16|0x00000000e1000000, 0x00000000e1100000, 0x00000000e1100000|100%|HC|  |TAMS 0x00000000e1100000, 0x00000000e1000000| Complete 
|  17|0x00000000e1100000, 0x00000000e1200000, 0x00000000e1200000|100%|HC|  |TAMS 0x00000000e1200000, 0x00000000e1100000| Complete 
|  18|0x00000000e1200000, 0x00000000e1300000, 0x00000000e1300000|100%|HS|  |TAMS 0x00000000e1300000, 0x00000000e1200000| Complete 
|  19|0x00000000e1300000, 0x00000000e1400000, 0x00000000e1400000|100%|HC|  |TAMS 0x00000000e1400000, 0x00000000e1300000| Complete 
|  20|0x00000000e1400000, 0x00000000e1500000, 0x00000000e1500000|100%|HC|  |TAMS 0x00000000e1500000, 0x00000000e1400000| Complete 
|  21|0x00000000e1500000, 0x00000000e1600000, 0x00000000e1600000|100%|HC|  |TAMS 0x00000000e1600000, 0x00000000e1500000| Complete 
|  22|0x00000000e1600000, 0x00000000e1700000, 0x00000000e1700000|100%|HS|  |TAMS 0x00000000e1700000, 0x00000000e1600000| Complete 
|  23|0x00000000e1700000, 0x00000000e1800000, 0x00000000e1800000|100%|HC|  |TAMS 0x00000000e1800000, 0x00000000e1700000| Complete 
|  24|0x00000000e1800000, 0x00000000e1800000, 0x00000000e1900000|  0%| F|  |TAMS 0x00000000e1800000, 0x00000000e1800000| Untracked 
|  25|0x00000000e1900000, 0x00000000e1900000, 0x00000000e1a00000|  0%| F|  |TAMS 0x00000000e1900000, 0x00000000e1900000| Untracked 
|  26|0x00000000e1a00000, 0x00000000e1a00000, 0x00000000e1b00000|  0%| F|  |TAMS 0x00000000e1a00000, 0x00000000e1a00000| Untracked 
|  27|0x00000000e1b00000, 0x00000000e1c00000, 0x00000000e1c00000|100%| O|  |TAMS 0x00000000e1b00000, 0x00000000e1b00000| Untracked 
|  28|0x00000000e1c00000, 0x00000000e1d00000, 0x00000000e1d00000|100%| O|  |TAMS 0x00000000e1c00000, 0x00000000e1c00000| Untracked 
|  29|0x00000000e1d00000, 0x00000000e1e00000, 0x00000000e1e00000|100%| O|  |TAMS 0x00000000e1d00000, 0x00000000e1d00000| Untracked 
|  30|0x00000000e1e00000, 0x00000000e1f00000, 0x00000000e1f00000|100%| O|  |TAMS 0x00000000e1e00000, 0x00000000e1e00000| Untracked 
|  31|0x00000000e1f00000, 0x00000000e2000000, 0x00000000e2000000|100%| O|  |TAMS 0x00000000e1f00000, 0x00000000e1f00000| Untracked 
|  32|0x00000000e2000000, 0x00000000e2100000, 0x00000000e2100000|100%| O|  |TAMS 0x00000000e2000000, 0x00000000e2000000| Untracked 
|  33|0x00000000e2100000, 0x00000000e21a0a00, 0x00000000e2200000| 62%| O|  |TAMS 0x00000000e2100000, 0x00000000e2100000| Untracked 
|  34|0x00000000e2200000, 0x00000000e2200000, 0x00000000e2300000|  0%| F|  |TAMS 0x00000000e2200000, 0x00000000e2200000| Untracked 
|  35|0x00000000e2300000, 0x00000000e2300000, 0x00000000e2400000|  0%| F|  |TAMS 0x00000000e2300000, 0x00000000e2300000| Untracked 
|  36|0x00000000e2400000, 0x00000000e2400000, 0x00000000e2500000|  0%| F|  |TAMS 0x00000000e2400000, 0x00000000e2400000| Untracked 
|  37|0x00000000e2500000, 0x00000000e2500000, 0x00000000e2600000|  0%| F|  |TAMS 0x00000000e2500000, 0x00000000e2500000| Untracked 
|  38|0x00000000e2600000, 0x00000000e2600000, 0x00000000e2700000|  0%| F|  |TAMS 0x00000000e2600000, 0x00000000e2600000| Untracked 
|  39|0x00000000e2700000, 0x00000000e2700000, 0x00000000e2800000|  0%| F|  |TAMS 0x00000000e2700000, 0x00000000e2700000| Untracked 
|  40|0x00000000e2800000, 0x00000000e2800000, 0x00000000e2900000|  0%| F|  |TAMS 0x00000000e2800000, 0x00000000e2800000| Untracked 
|  41|0x00000000e2900000, 0x00000000e2900000, 0x00000000e2a00000|  0%| F|  |TAMS 0x00000000e2900000, 0x00000000e2900000| Untracked 
|  42|0x00000000e2a00000, 0x00000000e2a00000, 0x00000000e2b00000|  0%| F|  |TAMS 0x00000000e2a00000, 0x00000000e2a00000| Untracked 
|  43|0x00000000e2b00000, 0x00000000e2b00000, 0x00000000e2c00000|  0%| F|  |TAMS 0x00000000e2b00000, 0x00000000e2b00000| Untracked 
|  44|0x00000000e2c00000, 0x00000000e2c00000, 0x00000000e2d00000|  0%| F|  |TAMS 0x00000000e2c00000, 0x00000000e2c00000| Untracked 
|  45|0x00000000e2d00000, 0x00000000e2d00000, 0x00000000e2e00000|  0%| F|  |TAMS 0x00000000e2d00000, 0x00000000e2d00000| Untracked 
|  46|0x00000000e2e00000, 0x00000000e2e00000, 0x00000000e2f00000|  0%| F|  |TAMS 0x00000000e2e00000, 0x00000000e2e00000| Untracked 
|  47|0x00000000e2f00000, 0x00000000e2f00000, 0x00000000e3000000|  0%| F|  |TAMS 0x00000000e2f00000, 0x00000000e2f00000| Untracked 
|  48|0x00000000e3000000, 0x00000000e3000000, 0x00000000e3100000|  0%| F|  |TAMS 0x00000000e3000000, 0x00000000e3000000| Untracked 
|  49|0x00000000e3100000, 0x00000000e3100000, 0x00000000e3200000|  0%| F|  |TAMS 0x00000000e3100000, 0x00000000e3100000| Untracked 
|  50|0x00000000e3200000, 0x00000000e3200000, 0x00000000e3300000|  0%| F|  |TAMS 0x00000000e3200000, 0x00000000e3200000| Untracked 
|  51|0x00000000e3300000, 0x00000000e3300000, 0x00000000e3400000|  0%| F|  |TAMS 0x00000000e3300000, 0x00000000e3300000| Untracked 
|  52|0x00000000e3400000, 0x00000000e3400000, 0x00000000e3500000|  0%| F|  |TAMS 0x00000000e3400000, 0x00000000e3400000| Untracked 
|  53|0x00000000e3500000, 0x00000000e3500000, 0x00000000e3600000|  0%| F|  |TAMS 0x00000000e3500000, 0x00000000e3500000| Untracked 
|  54|0x00000000e3600000, 0x00000000e3600000, 0x00000000e3700000|  0%| F|  |TAMS 0x00000000e3600000, 0x00000000e3600000| Untracked 
|  55|0x00000000e3700000, 0x00000000e3700000, 0x00000000e3800000|  0%| F|  |TAMS 0x00000000e3700000, 0x00000000e3700000| Untracked 
|  56|0x00000000e3800000, 0x00000000e3800000, 0x00000000e3900000|  0%| F|  |TAMS 0x00000000e3800000, 0x00000000e3800000| Untracked 
|  57|0x00000000e3900000, 0x00000000e3900000, 0x00000000e3a00000|  0%| F|  |TAMS 0x00000000e3900000, 0x00000000e3900000| Untracked 
|  58|0x00000000e3a00000, 0x00000000e3a00000, 0x00000000e3b00000|  0%| F|  |TAMS 0x00000000e3a00000, 0x00000000e3a00000| Untracked 
|  59|0x00000000e3b00000, 0x00000000e3b00000, 0x00000000e3c00000|  0%| F|  |TAMS 0x00000000e3b00000, 0x00000000e3b00000| Untracked 
|  60|0x00000000e3c00000, 0x00000000e3c00000, 0x00000000e3d00000|  0%| F|  |TAMS 0x00000000e3c00000, 0x00000000e3c00000| Untracked 
|  61|0x00000000e3d00000, 0x00000000e3d00000, 0x00000000e3e00000|  0%| F|  |TAMS 0x00000000e3d00000, 0x00000000e3d00000| Untracked 
|  62|0x00000000e3e00000, 0x00000000e3e00000, 0x00000000e3f00000|  0%| F|  |TAMS 0x00000000e3e00000, 0x00000000e3e00000| Untracked 
|  63|0x00000000e3f00000, 0x00000000e3f00000, 0x00000000e4000000|  0%| F|  |TAMS 0x00000000e3f00000, 0x00000000e3f00000| Untracked 
|  64|0x00000000e4000000, 0x00000000e4000000, 0x00000000e4100000|  0%| F|  |TAMS 0x00000000e4000000, 0x00000000e4000000| Untracked 
|  65|0x00000000e4100000, 0x00000000e4100000, 0x00000000e4200000|  0%| F|  |TAMS 0x00000000e4100000, 0x00000000e4100000| Untracked 
|  66|0x00000000e4200000, 0x00000000e4200000, 0x00000000e4300000|  0%| F|  |TAMS 0x00000000e4200000, 0x00000000e4200000| Untracked 
|  67|0x00000000e4300000, 0x00000000e4300000, 0x00000000e4400000|  0%| F|  |TAMS 0x00000000e4300000, 0x00000000e4300000| Untracked 
|  68|0x00000000e4400000, 0x00000000e4400000, 0x00000000e4500000|  0%| F|  |TAMS 0x00000000e4400000, 0x00000000e4400000| Untracked 
|  69|0x00000000e4500000, 0x00000000e4500000, 0x00000000e4600000|  0%| F|  |TAMS 0x00000000e4500000, 0x00000000e4500000| Untracked 
|  70|0x00000000e4600000, 0x00000000e4600000, 0x00000000e4700000|  0%| F|  |TAMS 0x00000000e4600000, 0x00000000e4600000| Untracked 
|  71|0x00000000e4700000, 0x00000000e4700000, 0x00000000e4800000|  0%| F|  |TAMS 0x00000000e4700000, 0x00000000e4700000| Untracked 
|  72|0x00000000e4800000, 0x00000000e4800000, 0x00000000e4900000|  0%| F|  |TAMS 0x00000000e4800000, 0x00000000e4800000| Untracked 
|  73|0x00000000e4900000, 0x00000000e4900000, 0x00000000e4a00000|  0%| F|  |TAMS 0x00000000e4900000, 0x00000000e4900000| Untracked 
|  74|0x00000000e4a00000, 0x00000000e4a00000, 0x00000000e4b00000|  0%| F|  |TAMS 0x00000000e4a00000, 0x00000000e4a00000| Untracked 
|  75|0x00000000e4b00000, 0x00000000e4b00000, 0x00000000e4c00000|  0%| F|  |TAMS 0x00000000e4b00000, 0x00000000e4b00000| Untracked 
|  76|0x00000000e4c00000, 0x00000000e4c00000, 0x00000000e4d00000|  0%| F|  |TAMS 0x00000000e4c00000, 0x00000000e4c00000| Untracked 
|  77|0x00000000e4d00000, 0x00000000e4d00000, 0x00000000e4e00000|  0%| F|  |TAMS 0x00000000e4d00000, 0x00000000e4d00000| Untracked 
|  78|0x00000000e4e00000, 0x00000000e4e00000, 0x00000000e4f00000|  0%| F|  |TAMS 0x00000000e4e00000, 0x00000000e4e00000| Untracked 
|  79|0x00000000e4f00000, 0x00000000e4f00000, 0x00000000e5000000|  0%| F|  |TAMS 0x00000000e4f00000, 0x00000000e4f00000| Untracked 
|  80|0x00000000e5000000, 0x00000000e5000000, 0x00000000e5100000|  0%| F|  |TAMS 0x00000000e5000000, 0x00000000e5000000| Untracked 
|  81|0x00000000e5100000, 0x00000000e5100000, 0x00000000e5200000|  0%| F|  |TAMS 0x00000000e5100000, 0x00000000e5100000| Untracked 
|  82|0x00000000e5200000, 0x00000000e5200000, 0x00000000e5300000|  0%| F|  |TAMS 0x00000000e5200000, 0x00000000e5200000| Untracked 
|  83|0x00000000e5300000, 0x00000000e5300000, 0x00000000e5400000|  0%| F|  |TAMS 0x00000000e5300000, 0x00000000e5300000| Untracked 
|  84|0x00000000e5400000, 0x00000000e5400000, 0x00000000e5500000|  0%| F|  |TAMS 0x00000000e5400000, 0x00000000e5400000| Untracked 
|  85|0x00000000e5500000, 0x00000000e5500000, 0x00000000e5600000|  0%| F|  |TAMS 0x00000000e5500000, 0x00000000e5500000| Untracked 
|  86|0x00000000e5600000, 0x00000000e5600000, 0x00000000e5700000|  0%| F|  |TAMS 0x00000000e5600000, 0x00000000e5600000| Untracked 
|  87|0x00000000e5700000, 0x00000000e5700000, 0x00000000e5800000|  0%| F|  |TAMS 0x00000000e5700000, 0x00000000e5700000| Untracked 
|  88|0x00000000e5800000, 0x00000000e5800000, 0x00000000e5900000|  0%| F|  |TAMS 0x00000000e5800000, 0x00000000e5800000| Untracked 
|  89|0x00000000e5900000, 0x00000000e5900000, 0x00000000e5a00000|  0%| F|  |TAMS 0x00000000e5900000, 0x00000000e5900000| Untracked 
|  90|0x00000000e5a00000, 0x00000000e5a00000, 0x00000000e5b00000|  0%| F|  |TAMS 0x00000000e5a00000, 0x00000000e5a00000| Untracked 
|  91|0x00000000e5b00000, 0x00000000e5b00000, 0x00000000e5c00000|  0%| F|  |TAMS 0x00000000e5b00000, 0x00000000e5b00000| Untracked 
|  92|0x00000000e5c00000, 0x00000000e5c00000, 0x00000000e5d00000|  0%| F|  |TAMS 0x00000000e5c00000, 0x00000000e5c00000| Untracked 
|  93|0x00000000e5d00000, 0x00000000e5d00000, 0x00000000e5e00000|  0%| F|  |TAMS 0x00000000e5d00000, 0x00000000e5d00000| Untracked 
|  94|0x00000000e5e00000, 0x00000000e5e00000, 0x00000000e5f00000|  0%| F|  |TAMS 0x00000000e5e00000, 0x00000000e5e00000| Untracked 
|  95|0x00000000e5f00000, 0x00000000e5f00000, 0x00000000e6000000|  0%| F|  |TAMS 0x00000000e5f00000, 0x00000000e5f00000| Untracked 
|  96|0x00000000e6000000, 0x00000000e6000000, 0x00000000e6100000|  0%| F|  |TAMS 0x00000000e6000000, 0x00000000e6000000| Untracked 
|  97|0x00000000e6100000, 0x00000000e6100000, 0x00000000e6200000|  0%| F|  |TAMS 0x00000000e6100000, 0x00000000e6100000| Untracked 
|  98|0x00000000e6200000, 0x00000000e6200000, 0x00000000e6300000|  0%| F|  |TAMS 0x00000000e6200000, 0x00000000e6200000| Untracked 
|  99|0x00000000e6300000, 0x00000000e6300000, 0x00000000e6400000|  0%| F|  |TAMS 0x00000000e6300000, 0x00000000e6300000| Untracked 
| 100|0x00000000e6400000, 0x00000000e6400000, 0x00000000e6500000|  0%| F|  |TAMS 0x00000000e6400000, 0x00000000e6400000| Untracked 
| 101|0x00000000e6500000, 0x00000000e6500000, 0x00000000e6600000|  0%| F|  |TAMS 0x00000000e6500000, 0x00000000e6500000| Untracked 
| 102|0x00000000e6600000, 0x00000000e6600000, 0x00000000e6700000|  0%| F|  |TAMS 0x00000000e6600000, 0x00000000e6600000| Untracked 
| 103|0x00000000e6700000, 0x00000000e6700000, 0x00000000e6800000|  0%| F|  |TAMS 0x00000000e6700000, 0x00000000e6700000| Untracked 
| 104|0x00000000e6800000, 0x00000000e6800000, 0x00000000e6900000|  0%| F|  |TAMS 0x00000000e6800000, 0x00000000e6800000| Untracked 
| 105|0x00000000e6900000, 0x00000000e6900000, 0x00000000e6a00000|  0%| F|  |TAMS 0x00000000e6900000, 0x00000000e6900000| Untracked 
| 106|0x00000000e6a00000, 0x00000000e6a00000, 0x00000000e6b00000|  0%| F|  |TAMS 0x00000000e6a00000, 0x00000000e6a00000| Untracked 
| 107|0x00000000e6b00000, 0x00000000e6b00000, 0x00000000e6c00000|  0%| F|  |TAMS 0x00000000e6b00000, 0x00000000e6b00000| Untracked 
| 108|0x00000000e6c00000, 0x00000000e6c00000, 0x00000000e6d00000|  0%| F|  |TAMS 0x00000000e6c00000, 0x00000000e6c00000| Untracked 
| 109|0x00000000e6d00000, 0x00000000e6d00000, 0x00000000e6e00000|  0%| F|  |TAMS 0x00000000e6d00000, 0x00000000e6d00000| Untracked 
| 110|0x00000000e6e00000, 0x00000000e6e00000, 0x00000000e6f00000|  0%| F|  |TAMS 0x00000000e6e00000, 0x00000000e6e00000| Untracked 
| 111|0x00000000e6f00000, 0x00000000e6f00000, 0x00000000e7000000|  0%| F|  |TAMS 0x00000000e6f00000, 0x00000000e6f00000| Untracked 
| 112|0x00000000e7000000, 0x00000000e7000000, 0x00000000e7100000|  0%| F|  |TAMS 0x00000000e7000000, 0x00000000e7000000| Untracked 
| 113|0x00000000e7100000, 0x00000000e7100000, 0x00000000e7200000|  0%| F|  |TAMS 0x00000000e7100000, 0x00000000e7100000| Untracked 
| 114|0x00000000e7200000, 0x00000000e7200000, 0x00000000e7300000|  0%| F|  |TAMS 0x00000000e7200000, 0x00000000e7200000| Untracked 
| 115|0x00000000e7300000, 0x00000000e7300000, 0x00000000e7400000|  0%| F|  |TAMS 0x00000000e7300000, 0x00000000e7300000| Untracked 
| 116|0x00000000e7400000, 0x00000000e7400000, 0x00000000e7500000|  0%| F|  |TAMS 0x00000000e7400000, 0x00000000e7400000| Untracked 
| 117|0x00000000e7500000, 0x00000000e7500000, 0x00000000e7600000|  0%| F|  |TAMS 0x00000000e7500000, 0x00000000e7500000| Untracked 
| 118|0x00000000e7600000, 0x00000000e7600000, 0x00000000e7700000|  0%| F|  |TAMS 0x00000000e7600000, 0x00000000e7600000| Untracked 
| 119|0x00000000e7700000, 0x00000000e7700000, 0x00000000e7800000|  0%| F|  |TAMS 0x00000000e7700000, 0x00000000e7700000| Untracked 
| 120|0x00000000e7800000, 0x00000000e7800000, 0x00000000e7900000|  0%| F|  |TAMS 0x00000000e7800000, 0x00000000e7800000| Untracked 
| 121|0x00000000e7900000, 0x00000000e7900000, 0x00000000e7a00000|  0%| F|  |TAMS 0x00000000e7900000, 0x00000000e7900000| Untracked 
| 122|0x00000000e7a00000, 0x00000000e7a00000, 0x00000000e7b00000|  0%| F|  |TAMS 0x00000000e7a00000, 0x00000000e7a00000| Untracked 
| 123|0x00000000e7b00000, 0x00000000e7b00000, 0x00000000e7c00000|  0%| F|  |TAMS 0x00000000e7b00000, 0x00000000e7b00000| Untracked 
| 124|0x00000000e7c00000, 0x00000000e7c00000, 0x00000000e7d00000|  0%| F|  |TAMS 0x00000000e7c00000, 0x00000000e7c00000| Untracked 
| 125|0x00000000e7d00000, 0x00000000e7d00000, 0x00000000e7e00000|  0%| F|  |TAMS 0x00000000e7d00000, 0x00000000e7d00000| Untracked 
| 126|0x00000000e7e00000, 0x00000000e7e00000, 0x00000000e7f00000|  0%| F|  |TAMS 0x00000000e7e00000, 0x00000000e7e00000| Untracked 
| 127|0x00000000e7f00000, 0x00000000e7f00000, 0x00000000e8000000|  0%| F|  |TAMS 0x00000000e7f00000, 0x00000000e7f00000| Untracked 
| 128|0x00000000e8000000, 0x00000000e8000000, 0x00000000e8100000|  0%| F|  |TAMS 0x00000000e8000000, 0x00000000e8000000| Untracked 
| 129|0x00000000e8100000, 0x00000000e8100000, 0x00000000e8200000|  0%| F|  |TAMS 0x00000000e8100000, 0x00000000e8100000| Untracked 
| 130|0x00000000e8200000, 0x00000000e8200000, 0x00000000e8300000|  0%| F|  |TAMS 0x00000000e8200000, 0x00000000e8200000| Untracked 
| 131|0x00000000e8300000, 0x00000000e8300000, 0x00000000e8400000|  0%| F|  |TAMS 0x00000000e8300000, 0x00000000e8300000| Untracked 
| 132|0x00000000e8400000, 0x00000000e8400000, 0x00000000e8500000|  0%| F|  |TAMS 0x00000000e8400000, 0x00000000e8400000| Untracked 
| 133|0x00000000e8500000, 0x00000000e8500000, 0x00000000e8600000|  0%| F|  |TAMS 0x00000000e8500000, 0x00000000e8500000| Untracked 
| 134|0x00000000e8600000, 0x00000000e8600000, 0x00000000e8700000|  0%| F|  |TAMS 0x00000000e8600000, 0x00000000e8600000| Untracked 
| 135|0x00000000e8700000, 0x00000000e8700000, 0x00000000e8800000|  0%| F|  |TAMS 0x00000000e8700000, 0x00000000e8700000| Untracked 
| 136|0x00000000e8800000, 0x00000000e8800000, 0x00000000e8900000|  0%| F|  |TAMS 0x00000000e8800000, 0x00000000e8800000| Untracked 
| 137|0x00000000e8900000, 0x00000000e8900000, 0x00000000e8a00000|  0%| F|  |TAMS 0x00000000e8900000, 0x00000000e8900000| Untracked 
| 138|0x00000000e8a00000, 0x00000000e8a00000, 0x00000000e8b00000|  0%| F|  |TAMS 0x00000000e8a00000, 0x00000000e8a00000| Untracked 
| 139|0x00000000e8b00000, 0x00000000e8b00000, 0x00000000e8c00000|  0%| F|  |TAMS 0x00000000e8b00000, 0x00000000e8b00000| Untracked 
| 140|0x00000000e8c00000, 0x00000000e8c00000, 0x00000000e8d00000|  0%| F|  |TAMS 0x00000000e8c00000, 0x00000000e8c00000| Untracked 
| 141|0x00000000e8d00000, 0x00000000e8d623c0, 0x00000000e8e00000| 38%| S|CS|TAMS 0x00000000e8d00000, 0x00000000e8d00000| Complete 
| 142|0x00000000e8e00000, 0x00000000e8f00000, 0x00000000e8f00000|100%| S|CS|TAMS 0x00000000e8e00000, 0x00000000e8e00000| Complete 
| 143|0x00000000e8f00000, 0x00000000e9000000, 0x00000000e9000000|100%| S|CS|TAMS 0x00000000e8f00000, 0x00000000e8f00000| Complete 
| 144|0x00000000e9000000, 0x00000000e9100000, 0x00000000e9100000|100%| S|CS|TAMS 0x00000000e9000000, 0x00000000e9000000| Complete 
| 145|0x00000000e9100000, 0x00000000e9200000, 0x00000000e9200000|100%| S|CS|TAMS 0x00000000e9100000, 0x00000000e9100000| Complete 
| 146|0x00000000e9200000, 0x00000000e9300000, 0x00000000e9300000|100%| S|CS|TAMS 0x00000000e9200000, 0x00000000e9200000| Complete 
| 147|0x00000000e9300000, 0x00000000e9400000, 0x00000000e9400000|100%| S|CS|TAMS 0x00000000e9300000, 0x00000000e9300000| Complete 
| 148|0x00000000e9400000, 0x00000000e9500000, 0x00000000e9500000|100%| S|CS|TAMS 0x00000000e9400000, 0x00000000e9400000| Complete 
| 149|0x00000000e9500000, 0x00000000e9600000, 0x00000000e9600000|100%| S|CS|TAMS 0x00000000e9500000, 0x00000000e9500000| Complete 
| 150|0x00000000e9600000, 0x00000000e9700000, 0x00000000e9700000|100%| S|CS|TAMS 0x00000000e9600000, 0x00000000e9600000| Complete 
| 151|0x00000000e9700000, 0x00000000e9800000, 0x00000000e9800000|100%| S|CS|TAMS 0x00000000e9700000, 0x00000000e9700000| Complete 
| 152|0x00000000e9800000, 0x00000000e9800000, 0x00000000e9900000|  0%| F|  |TAMS 0x00000000e9800000, 0x00000000e9800000| Untracked 
| 153|0x00000000e9900000, 0x00000000e9900000, 0x00000000e9a00000|  0%| F|  |TAMS 0x00000000e9900000, 0x00000000e9900000| Untracked 
| 154|0x00000000e9a00000, 0x00000000e9a00000, 0x00000000e9b00000|  0%| F|  |TAMS 0x00000000e9a00000, 0x00000000e9a00000| Untracked 
| 155|0x00000000e9b00000, 0x00000000e9b00000, 0x00000000e9c00000|  0%| F|  |TAMS 0x00000000e9b00000, 0x00000000e9b00000| Untracked 
| 156|0x00000000e9c00000, 0x00000000e9c00000, 0x00000000e9d00000|  0%| F|  |TAMS 0x00000000e9c00000, 0x00000000e9c00000| Untracked 
| 157|0x00000000e9d00000, 0x00000000e9d00000, 0x00000000e9e00000|  0%| F|  |TAMS 0x00000000e9d00000, 0x00000000e9d00000| Untracked 
| 158|0x00000000e9e00000, 0x00000000e9e00000, 0x00000000e9f00000|  0%| F|  |TAMS 0x00000000e9e00000, 0x00000000e9e00000| Untracked 
| 159|0x00000000e9f00000, 0x00000000e9f00000, 0x00000000ea000000|  0%| F|  |TAMS 0x00000000e9f00000, 0x00000000e9f00000| Untracked 
| 160|0x00000000ea000000, 0x00000000ea000000, 0x00000000ea100000|  0%| F|  |TAMS 0x00000000ea000000, 0x00000000ea000000| Untracked 
| 161|0x00000000ea100000, 0x00000000ea100000, 0x00000000ea200000|  0%| F|  |TAMS 0x00000000ea100000, 0x00000000ea100000| Untracked 
| 162|0x00000000ea200000, 0x00000000ea200000, 0x00000000ea300000|  0%| F|  |TAMS 0x00000000ea200000, 0x00000000ea200000| Untracked 
| 163|0x00000000ea300000, 0x00000000ea300000, 0x00000000ea400000|  0%| F|  |TAMS 0x00000000ea300000, 0x00000000ea300000| Untracked 
| 164|0x00000000ea400000, 0x00000000ea400000, 0x00000000ea500000|  0%| F|  |TAMS 0x00000000ea400000, 0x00000000ea400000| Untracked 
| 165|0x00000000ea500000, 0x00000000ea500000, 0x00000000ea600000|  0%| F|  |TAMS 0x00000000ea500000, 0x00000000ea500000| Untracked 
| 166|0x00000000ea600000, 0x00000000ea600000, 0x00000000ea700000|  0%| F|  |TAMS 0x00000000ea600000, 0x00000000ea600000| Untracked 
| 167|0x00000000ea700000, 0x00000000ea700000, 0x00000000ea800000|  0%| F|  |TAMS 0x00000000ea700000, 0x00000000ea700000| Untracked 
| 168|0x00000000ea800000, 0x00000000ea800000, 0x00000000ea900000|  0%| F|  |TAMS 0x00000000ea800000, 0x00000000ea800000| Untracked 
| 169|0x00000000ea900000, 0x00000000ea900000, 0x00000000eaa00000|  0%| F|  |TAMS 0x00000000ea900000, 0x00000000ea900000| Untracked 
| 170|0x00000000eaa00000, 0x00000000eaa00000, 0x00000000eab00000|  0%| F|  |TAMS 0x00000000eaa00000, 0x00000000eaa00000| Untracked 
| 171|0x00000000eab00000, 0x00000000eab00000, 0x00000000eac00000|  0%| F|  |TAMS 0x00000000eab00000, 0x00000000eab00000| Untracked 
| 172|0x00000000eac00000, 0x00000000eac00000, 0x00000000ead00000|  0%| F|  |TAMS 0x00000000eac00000, 0x00000000eac00000| Untracked 
| 173|0x00000000ead00000, 0x00000000ead00000, 0x00000000eae00000|  0%| F|  |TAMS 0x00000000ead00000, 0x00000000ead00000| Untracked 
| 174|0x00000000eae00000, 0x00000000eae00000, 0x00000000eaf00000|  0%| F|  |TAMS 0x00000000eae00000, 0x00000000eae00000| Untracked 
| 175|0x00000000eaf00000, 0x00000000eaf00000, 0x00000000eb000000|  0%| F|  |TAMS 0x00000000eaf00000, 0x00000000eaf00000| Untracked 
| 176|0x00000000eb000000, 0x00000000eb000000, 0x00000000eb100000|  0%| F|  |TAMS 0x00000000eb000000, 0x00000000eb000000| Untracked 
| 177|0x00000000eb100000, 0x00000000eb100000, 0x00000000eb200000|  0%| F|  |TAMS 0x00000000eb100000, 0x00000000eb100000| Untracked 
| 178|0x00000000eb200000, 0x00000000eb200000, 0x00000000eb300000|  0%| F|  |TAMS 0x00000000eb200000, 0x00000000eb200000| Untracked 
| 179|0x00000000eb300000, 0x00000000eb300000, 0x00000000eb400000|  0%| F|  |TAMS 0x00000000eb300000, 0x00000000eb300000| Untracked 
| 180|0x00000000eb400000, 0x00000000eb400000, 0x00000000eb500000|  0%| F|  |TAMS 0x00000000eb400000, 0x00000000eb400000| Untracked 
| 181|0x00000000eb500000, 0x00000000eb500000, 0x00000000eb600000|  0%| F|  |TAMS 0x00000000eb500000, 0x00000000eb500000| Untracked 
| 182|0x00000000eb600000, 0x00000000eb600000, 0x00000000eb700000|  0%| F|  |TAMS 0x00000000eb600000, 0x00000000eb600000| Untracked 
| 183|0x00000000eb700000, 0x00000000eb700000, 0x00000000eb800000|  0%| F|  |TAMS 0x00000000eb700000, 0x00000000eb700000| Untracked 
| 184|0x00000000eb800000, 0x00000000eb800000, 0x00000000eb900000|  0%| F|  |TAMS 0x00000000eb800000, 0x00000000eb800000| Untracked 
| 185|0x00000000eb900000, 0x00000000eb900000, 0x00000000eba00000|  0%| F|  |TAMS 0x00000000eb900000, 0x00000000eb900000| Untracked 
| 186|0x00000000eba00000, 0x00000000eba00000, 0x00000000ebb00000|  0%| F|  |TAMS 0x00000000eba00000, 0x00000000eba00000| Untracked 
| 187|0x00000000ebb00000, 0x00000000ebb00000, 0x00000000ebc00000|  0%| F|  |TAMS 0x00000000ebb00000, 0x00000000ebb00000| Untracked 
| 188|0x00000000ebc00000, 0x00000000ebc00000, 0x00000000ebd00000|  0%| F|  |TAMS 0x00000000ebc00000, 0x00000000ebc00000| Untracked 
| 189|0x00000000ebd00000, 0x00000000ebd00000, 0x00000000ebe00000|  0%| F|  |TAMS 0x00000000ebd00000, 0x00000000ebd00000| Untracked 
| 190|0x00000000ebe00000, 0x00000000ebe00000, 0x00000000ebf00000|  0%| F|  |TAMS 0x00000000ebe00000, 0x00000000ebe00000| Untracked 
| 191|0x00000000ebf00000, 0x00000000ebf00000, 0x00000000ec000000|  0%| F|  |TAMS 0x00000000ebf00000, 0x00000000ebf00000| Untracked 
| 192|0x00000000ec000000, 0x00000000ec000000, 0x00000000ec100000|  0%| F|  |TAMS 0x00000000ec000000, 0x00000000ec000000| Untracked 
| 193|0x00000000ec100000, 0x00000000ec100000, 0x00000000ec200000|  0%| F|  |TAMS 0x00000000ec100000, 0x00000000ec100000| Untracked 
| 194|0x00000000ec200000, 0x00000000ec200000, 0x00000000ec300000|  0%| F|  |TAMS 0x00000000ec200000, 0x00000000ec200000| Untracked 
| 195|0x00000000ec300000, 0x00000000ec300000, 0x00000000ec400000|  0%| F|  |TAMS 0x00000000ec300000, 0x00000000ec300000| Untracked 
| 196|0x00000000ec400000, 0x00000000ec400000, 0x00000000ec500000|  0%| F|  |TAMS 0x00000000ec400000, 0x00000000ec400000| Untracked 
| 197|0x00000000ec500000, 0x00000000ec500000, 0x00000000ec600000|  0%| F|  |TAMS 0x00000000ec500000, 0x00000000ec500000| Untracked 
| 198|0x00000000ec600000, 0x00000000ec600000, 0x00000000ec700000|  0%| F|  |TAMS 0x00000000ec600000, 0x00000000ec600000| Untracked 
| 199|0x00000000ec700000, 0x00000000ec700000, 0x00000000ec800000|  0%| F|  |TAMS 0x00000000ec700000, 0x00000000ec700000| Untracked 
| 200|0x00000000ec800000, 0x00000000ec800000, 0x00000000ec900000|  0%| F|  |TAMS 0x00000000ec800000, 0x00000000ec800000| Untracked 
| 201|0x00000000ec900000, 0x00000000ec900000, 0x00000000eca00000|  0%| F|  |TAMS 0x00000000ec900000, 0x00000000ec900000| Untracked 
| 202|0x00000000eca00000, 0x00000000eca00000, 0x00000000ecb00000|  0%| F|  |TAMS 0x00000000eca00000, 0x00000000eca00000| Untracked 
| 203|0x00000000ecb00000, 0x00000000ecb00000, 0x00000000ecc00000|  0%| F|  |TAMS 0x00000000ecb00000, 0x00000000ecb00000| Untracked 
| 204|0x00000000ecc00000, 0x00000000ecc00000, 0x00000000ecd00000|  0%| F|  |TAMS 0x00000000ecc00000, 0x00000000ecc00000| Untracked 
| 205|0x00000000ecd00000, 0x00000000ecd00000, 0x00000000ece00000|  0%| F|  |TAMS 0x00000000ecd00000, 0x00000000ecd00000| Untracked 
| 206|0x00000000ece00000, 0x00000000ece00000, 0x00000000ecf00000|  0%| F|  |TAMS 0x00000000ece00000, 0x00000000ece00000| Untracked 
| 207|0x00000000ecf00000, 0x00000000ecf00000, 0x00000000ed000000|  0%| F|  |TAMS 0x00000000ecf00000, 0x00000000ecf00000| Untracked 
| 208|0x00000000ed000000, 0x00000000ed000000, 0x00000000ed100000|  0%| F|  |TAMS 0x00000000ed000000, 0x00000000ed000000| Untracked 
| 209|0x00000000ed100000, 0x00000000ed100000, 0x00000000ed200000|  0%| F|  |TAMS 0x00000000ed100000, 0x00000000ed100000| Untracked 
| 210|0x00000000ed200000, 0x00000000ed200000, 0x00000000ed300000|  0%| F|  |TAMS 0x00000000ed200000, 0x00000000ed200000| Untracked 
| 211|0x00000000ed300000, 0x00000000ed300000, 0x00000000ed400000|  0%| F|  |TAMS 0x00000000ed300000, 0x00000000ed300000| Untracked 
| 212|0x00000000ed400000, 0x00000000ed400000, 0x00000000ed500000|  0%| F|  |TAMS 0x00000000ed400000, 0x00000000ed400000| Untracked 
| 213|0x00000000ed500000, 0x00000000ed500000, 0x00000000ed600000|  0%| F|  |TAMS 0x00000000ed500000, 0x00000000ed500000| Untracked 
| 214|0x00000000ed600000, 0x00000000ed600000, 0x00000000ed700000|  0%| F|  |TAMS 0x00000000ed600000, 0x00000000ed600000| Untracked 
| 215|0x00000000ed700000, 0x00000000ed700000, 0x00000000ed800000|  0%| F|  |TAMS 0x00000000ed700000, 0x00000000ed700000| Untracked 
| 216|0x00000000ed800000, 0x00000000ed900000, 0x00000000ed900000|100%| E|  |TAMS 0x00000000ed800000, 0x00000000ed800000| Complete 
| 217|0x00000000ed900000, 0x00000000eda00000, 0x00000000eda00000|100%| E|CS|TAMS 0x00000000ed900000, 0x00000000ed900000| Complete 
| 218|0x00000000eda00000, 0x00000000edb00000, 0x00000000edb00000|100%| E|CS|TAMS 0x00000000eda00000, 0x00000000eda00000| Complete 
| 219|0x00000000edb00000, 0x00000000edc00000, 0x00000000edc00000|100%| E|CS|TAMS 0x00000000edb00000, 0x00000000edb00000| Complete 
| 220|0x00000000edc00000, 0x00000000edd00000, 0x00000000edd00000|100%| E|CS|TAMS 0x00000000edc00000, 0x00000000edc00000| Complete 
| 221|0x00000000edd00000, 0x00000000ede00000, 0x00000000ede00000|100%| E|CS|TAMS 0x00000000edd00000, 0x00000000edd00000| Complete 
| 222|0x00000000ede00000, 0x00000000edf00000, 0x00000000edf00000|100%| E|CS|TAMS 0x00000000ede00000, 0x00000000ede00000| Complete 
| 223|0x00000000edf00000, 0x00000000ee000000, 0x00000000ee000000|100%| E|CS|TAMS 0x00000000edf00000, 0x00000000edf00000| Complete 
| 224|0x00000000ee000000, 0x00000000ee100000, 0x00000000ee100000|100%| E|CS|TAMS 0x00000000ee000000, 0x00000000ee000000| Complete 
| 225|0x00000000ee100000, 0x00000000ee200000, 0x00000000ee200000|100%| E|CS|TAMS 0x00000000ee100000, 0x00000000ee100000| Complete 
| 226|0x00000000ee200000, 0x00000000ee300000, 0x00000000ee300000|100%| E|CS|TAMS 0x00000000ee200000, 0x00000000ee200000| Complete 
| 227|0x00000000ee300000, 0x00000000ee400000, 0x00000000ee400000|100%| E|CS|TAMS 0x00000000ee300000, 0x00000000ee300000| Complete 
| 228|0x00000000ee400000, 0x00000000ee500000, 0x00000000ee500000|100%| E|CS|TAMS 0x00000000ee400000, 0x00000000ee400000| Complete 
| 229|0x00000000ee500000, 0x00000000ee600000, 0x00000000ee600000|100%| E|CS|TAMS 0x00000000ee500000, 0x00000000ee500000| Complete 
| 230|0x00000000ee600000, 0x00000000ee700000, 0x00000000ee700000|100%| E|CS|TAMS 0x00000000ee600000, 0x00000000ee600000| Complete 
| 231|0x00000000ee700000, 0x00000000ee800000, 0x00000000ee800000|100%| E|CS|TAMS 0x00000000ee700000, 0x00000000ee700000| Complete 
| 232|0x00000000ee800000, 0x00000000ee900000, 0x00000000ee900000|100%| E|CS|TAMS 0x00000000ee800000, 0x00000000ee800000| Complete 
| 233|0x00000000ee900000, 0x00000000eea00000, 0x00000000eea00000|100%| E|CS|TAMS 0x00000000ee900000, 0x00000000ee900000| Complete 
| 234|0x00000000eea00000, 0x00000000eeb00000, 0x00000000eeb00000|100%| E|CS|TAMS 0x00000000eea00000, 0x00000000eea00000| Complete 
| 235|0x00000000eeb00000, 0x00000000eec00000, 0x00000000eec00000|100%| E|CS|TAMS 0x00000000eeb00000, 0x00000000eeb00000| Complete 
| 236|0x00000000eec00000, 0x00000000eed00000, 0x00000000eed00000|100%| E|CS|TAMS 0x00000000eec00000, 0x00000000eec00000| Complete 
| 237|0x00000000eed00000, 0x00000000eee00000, 0x00000000eee00000|100%| E|CS|TAMS 0x00000000eed00000, 0x00000000eed00000| Complete 
| 238|0x00000000eee00000, 0x00000000eef00000, 0x00000000eef00000|100%| E|CS|TAMS 0x00000000eee00000, 0x00000000eee00000| Complete 
| 239|0x00000000eef00000, 0x00000000ef000000, 0x00000000ef000000|100%| E|CS|TAMS 0x00000000eef00000, 0x00000000eef00000| Complete 
| 240|0x00000000ef000000, 0x00000000ef100000, 0x00000000ef100000|100%| E|CS|TAMS 0x00000000ef000000, 0x00000000ef000000| Complete 
| 241|0x00000000ef100000, 0x00000000ef200000, 0x00000000ef200000|100%| E|CS|TAMS 0x00000000ef100000, 0x00000000ef100000| Complete 
| 242|0x00000000ef200000, 0x00000000ef300000, 0x00000000ef300000|100%| E|CS|TAMS 0x00000000ef200000, 0x00000000ef200000| Complete 
| 243|0x00000000ef300000, 0x00000000ef400000, 0x00000000ef400000|100%| E|CS|TAMS 0x00000000ef300000, 0x00000000ef300000| Complete 
| 244|0x00000000ef400000, 0x00000000ef500000, 0x00000000ef500000|100%| E|CS|TAMS 0x00000000ef400000, 0x00000000ef400000| Complete 
| 245|0x00000000ef500000, 0x00000000ef600000, 0x00000000ef600000|100%| E|CS|TAMS 0x00000000ef500000, 0x00000000ef500000| Complete 
| 246|0x00000000ef600000, 0x00000000ef700000, 0x00000000ef700000|100%| E|CS|TAMS 0x00000000ef600000, 0x00000000ef600000| Complete 
| 247|0x00000000ef700000, 0x00000000ef800000, 0x00000000ef800000|100%| E|CS|TAMS 0x00000000ef700000, 0x00000000ef700000| Complete 
| 248|0x00000000ef800000, 0x00000000ef900000, 0x00000000ef900000|100%| E|CS|TAMS 0x00000000ef800000, 0x00000000ef800000| Complete 
| 249|0x00000000ef900000, 0x00000000efa00000, 0x00000000efa00000|100%| E|CS|TAMS 0x00000000ef900000, 0x00000000ef900000| Complete 
| 250|0x00000000efa00000, 0x00000000efb00000, 0x00000000efb00000|100%| E|CS|TAMS 0x00000000efa00000, 0x00000000efa00000| Complete 
| 251|0x00000000efb00000, 0x00000000efc00000, 0x00000000efc00000|100%| E|CS|TAMS 0x00000000efb00000, 0x00000000efb00000| Complete 
| 252|0x00000000efc00000, 0x00000000efd00000, 0x00000000efd00000|100%| E|CS|TAMS 0x00000000efc00000, 0x00000000efc00000| Complete 
| 253|0x00000000efd00000, 0x00000000efe00000, 0x00000000efe00000|100%| E|CS|TAMS 0x00000000efd00000, 0x00000000efd00000| Complete 
| 254|0x00000000efe00000, 0x00000000eff00000, 0x00000000eff00000|100%| E|CS|TAMS 0x00000000efe00000, 0x00000000efe00000| Complete 
| 255|0x00000000eff00000, 0x00000000f0000000, 0x00000000f0000000|100%| E|CS|TAMS 0x00000000eff00000, 0x00000000eff00000| Complete 

Card table byte_map: [0x0000021df94b0000,0x0000021df95b0000] _byte_map_base: 0x0000021df8db0000

Marking Bits (Prev, Next): (CMBitMap*) 0x0000021df1169e08, (CMBitMap*) 0x0000021df1169e40
 Prev Bits: [0x0000021df96b0000, 0x0000021df9eb0000)
 Next Bits: [0x0000021df9eb0000, 0x0000021dfa6b0000)

Polling page: 0x0000021df0920000

Metaspace:

Usage:
  Non-class:     41.88 MB capacity,    41.13 MB ( 98%) used,   668.34 KB (  2%) free+waste,    96.25 KB ( <1%) overhead. 
      Class:      6.34 MB capacity,     5.92 MB ( 93%) used,   383.33 KB (  6%) free+waste,    46.00 KB ( <1%) overhead. 
       Both:     48.22 MB capacity,    47.05 MB ( 98%) used,     1.03 MB (  2%) free+waste,   142.25 KB ( <1%) overhead. 

Virtual space:
  Non-class space:       42.00 MB reserved,      41.92 MB (>99%) committed 
      Class space:      248.00 MB reserved,       6.38 MB (  3%) committed 
             Both:      290.00 MB reserved,      48.30 MB ( 17%) committed 

Chunk freelists:
   Non-Class:  5.25 KB
       Class:  1.00 KB
        Both:  6.25 KB

CodeHeap 'non-profiled nmethods': size=120064Kb used=2114Kb max_used=2114Kb free=117950Kb
 bounds [0x0000021d87ac0000, 0x0000021d87d30000, 0x0000021d8f000000]
CodeHeap 'profiled nmethods': size=120000Kb used=9578Kb max_used=9578Kb free=110421Kb
 bounds [0x0000021d80590000, 0x0000021d80ef0000, 0x0000021d87ac0000]
CodeHeap 'non-nmethods': size=5696Kb used=2217Kb max_used=2250Kb free=3478Kb
 bounds [0x0000021d80000000, 0x0000021d80270000, 0x0000021d80590000]
 total_blobs=5901 nmethods=3967 adapters=696
 compilation: enabled
              stopped_count=0, restarted_count=0
 full_count=0

Compilation events (10 events):
Event: 14.926 Thread 0x0000021dfd640800 4212       1       org.gradle.api.internal.attributes.DefaultImmutableAttributes::hashCode (5 bytes)
Event: 14.926 Thread 0x0000021dfd640800 nmethod 4212 0x0000021d87ccf610 code [0x0000021d87ccf7c0, 0x0000021d87ccf8d8]
Event: 14.926 Thread 0x0000021dfd640800 4213       3       com.google.common.collect.RegularImmutableMap::createHashTable (207 bytes)
Event: 14.929 Thread 0x0000021dfd640800 nmethod 4213 0x0000021d80ee5390 code [0x0000021d80ee57c0, 0x0000021d80ee7330]
Event: 14.942 Thread 0x0000021dfd640800 4214       3       org.gradle.internal.instantiation.generator.AbstractClassGenerator$ClassGenerationHandler::<init> (5 bytes)
Event: 14.942 Thread 0x0000021dfd640800 nmethod 4214 0x0000021d80ee7d90 code [0x0000021d80ee7f40, 0x0000021d80ee8158]
Event: 14.942 Thread 0x0000021dfd640800 4215       3       org.gradle.internal.instantiation.generator.AbstractClassGenerator$ClassGenerationHandler::<init> (5 bytes)
Event: 14.943 Thread 0x0000021dfd640800 nmethod 4215 0x0000021d80ee8290 code [0x0000021d80ee8440, 0x0000021d80ee85f8]
Event: 14.953 Thread 0x0000021dfd640800 4216       1       org.gradle.api.attributes.Attribute::getType (5 bytes)
Event: 14.953 Thread 0x0000021dfd640800 nmethod 4216 0x0000021d87ccf990 code [0x0000021d87ccfb40, 0x0000021d87ccfc58]

GC Heap History (10 events):
Event: 6.887 GC heap before
{Heap before GC invocations=3 (full 0):
 garbage-first heap   total 262144K, used 53061K [0x00000000e0000000, 0x0000000100000000)
  region size 1024K, 43 young (44032K), 4 survivors (4096K)
 Metaspace       used 18616K, capacity 19084K, committed 19328K, reserved 272384K
  class space    used 2246K, capacity 2402K, committed 2432K, reserved 253952K
}
Event: 6.903 GC heap after
{Heap after GC invocations=4 (full 0):
 garbage-first heap   total 262144K, used 15871K [0x00000000e0000000, 0x0000000100000000)
  region size 1024K, 3 young (3072K), 3 survivors (3072K)
 Metaspace       used 18616K, capacity 19084K, committed 19328K, reserved 272384K
  class space    used 2246K, capacity 2402K, committed 2432K, reserved 253952K
}
Event: 7.185 GC heap before
{Heap before GC invocations=4 (full 0):
 garbage-first heap   total 262144K, used 26111K [0x00000000e0000000, 0x0000000100000000)
  region size 1024K, 14 young (14336K), 3 survivors (3072K)
 Metaspace       used 20680K, capacity 21103K, committed 21296K, reserved 274432K
  class space    used 2451K, capacity 2606K, committed 2688K, reserved 253952K
}
Event: 7.193 GC heap after
{Heap after GC invocations=5 (full 0):
 garbage-first heap   total 262144K, used 16261K [0x00000000e0000000, 0x0000000100000000)
  region size 1024K, 4 young (4096K), 4 survivors (4096K)
 Metaspace       used 20680K, capacity 21103K, committed 21296K, reserved 274432K
  class space    used 2451K, capacity 2606K, committed 2688K, reserved 253952K
}
Event: 9.019 GC heap before
{Heap before GC invocations=6 (full 0):
 garbage-first heap   total 262144K, used 78725K [0x00000000e0000000, 0x0000000100000000)
  region size 1024K, 55 young (56320K), 4 survivors (4096K)
 Metaspace       used 26741K, capacity 27475K, committed 27696K, reserved 278528K
  class space    used 3414K, capacity 3655K, committed 3712K, reserved 253952K
}
Event: 9.034 GC heap after
{Heap after GC invocations=7 (full 0):
 garbage-first heap   total 262144K, used 31518K [0x00000000e0000000, 0x0000000100000000)
  region size 1024K, 7 young (7168K), 7 survivors (7168K)
 Metaspace       used 26741K, capacity 27475K, committed 27696K, reserved 278528K
  class space    used 3414K, capacity 3655K, committed 3712K, reserved 253952K
}
Event: 10.613 GC heap before
{Heap before GC invocations=7 (full 0):
 garbage-first heap   total 262144K, used 75550K [0x00000000e0000000, 0x0000000100000000)
  region size 1024K, 52 young (53248K), 7 survivors (7168K)
 Metaspace       used 34992K, capacity 35774K, committed 35888K, reserved 286720K
  class space    used 4450K, capacity 4723K, committed 4736K, reserved 253952K
}
Event: 10.631 GC heap after
{Heap after GC invocations=8 (full 0):
 garbage-first heap   total 262144K, used 35547K [0x00000000e0000000, 0x0000000100000000)
  region size 1024K, 11 young (11264K), 11 survivors (11264K)
 Metaspace       used 34992K, capacity 35774K, committed 35888K, reserved 286720K
  class space    used 4450K, capacity 4723K, committed 4736K, reserved 253952K
}
Event: 13.854 GC heap before
{Heap before GC invocations=9 (full 0):
 garbage-first heap   total 262144K, used 132827K [0x00000000e0000000, 0x0000000100000000)
  region size 1024K, 104 young (106496K), 11 survivors (11264K)
 Metaspace       used 45238K, capacity 46416K, committed 46640K, reserved 294912K
  class space    used 5611K, capacity 5996K, committed 6016K, reserved 253952K
}
Event: 13.889 GC heap after
{Heap after GC invocations=10 (full 0):
 garbage-first heap   total 262144K, used 41995K [0x00000000e0000000, 0x0000000100000000)
  region size 1024K, 11 young (11264K), 11 survivors (11264K)
 Metaspace       used 45238K, capacity 46416K, committed 46640K, reserved 294912K
  class space    used 5611K, capacity 5996K, committed 6016K, reserved 253952K
}

Deoptimization events (10 events):
Event: 13.955 Thread 0x0000021dfeb4f800 Uncommon trap: reason=bimorphic_or_optimized_type_check action=maybe_recompile pc=0x0000021d87c0ee04 method=java.util.AbstractCollection.addAll(Ljava/util/Collection;)Z @ 29 c2
Event: 14.170 Thread 0x0000021dfeb4f800 Uncommon trap: reason=class_check action=maybe_recompile pc=0x0000021d87bedef4 method=java.util.WeakHashMap.eq(Ljava/lang/Object;Ljava/lang/Object;)Z @ 7 c2
Event: 14.228 Thread 0x0000021dfeb4f800 Uncommon trap: reason=unstable_if action=reinterpret pc=0x0000021d87c10be4 method=org.gradle.internal.reflect.PropertyAccessorType.isGetGetterName(Ljava/lang/String;)Z @ 14 c2
Event: 14.473 Thread 0x0000021dfeb4f800 Uncommon trap: reason=profile_predicate action=maybe_recompile pc=0x0000021d87c7e18c method=java.util.regex.Pattern$BnM.optimize(Ljava/util/regex/Pattern$Node;)Ljava/util/regex/Pattern$Node; @ 67 c2
Event: 14.473 Thread 0x0000021dfeb4f800 Uncommon trap: reason=profile_predicate action=maybe_recompile pc=0x0000021d87c7e18c method=java.util.regex.Pattern$BnM.optimize(Ljava/util/regex/Pattern$Node;)Ljava/util/regex/Pattern$Node; @ 67 c2
Event: 14.473 Thread 0x0000021dfeb4f800 Uncommon trap: reason=profile_predicate action=maybe_recompile pc=0x0000021d87c7e18c method=java.util.regex.Pattern$BnM.optimize(Ljava/util/regex/Pattern$Node;)Ljava/util/regex/Pattern$Node; @ 67 c2
Event: 14.474 Thread 0x0000021dfeb4f800 Uncommon trap: reason=profile_predicate action=maybe_recompile pc=0x0000021d87c7e18c method=java.util.regex.Pattern$BnM.optimize(Ljava/util/regex/Pattern$Node;)Ljava/util/regex/Pattern$Node; @ 67 c2
Event: 14.541 Thread 0x0000021dfeb4f800 Uncommon trap: reason=predicate action=maybe_recompile pc=0x0000021d87b21d18 method=com.google.common.base.CharMatcher.indexIn(Ljava/lang/CharSequence;I)I @ 19 c2
Event: 14.654 Thread 0x0000021dfeb4f800 Uncommon trap: reason=unstable_if action=reinterpret pc=0x0000021d87b38a08 method=java.net.URI$Parser.scan(IILjava/lang/String;)I @ 26 c2
Event: 14.654 Thread 0x0000021dfeb4f800 Uncommon trap: reason=unstable_if action=reinterpret pc=0x0000021d87c304c8 method=java.net.URI.match(CJJ)Z @ 45 c2

Classes redefined (0 events):
No events

Internal exceptions (10 events):
Event: 14.536 Thread 0x0000021dfeb4f800 Exception <a 'java/lang/ClassNotFoundException'{0x00000000eebfa058}: org/gradle/plugin/use/internal/PluginRequestCollector$PluginDependenciesSpecImplBeanInfo> (0x00000000eebfa058) thrown at [t:/workspace/open/src/hotspot/share/classfile/systemDictionary.c
Event: 14.538 Thread 0x0000021dfeb4f800 Exception <a 'java/lang/ClassNotFoundException'{0x00000000eea1cd98}: org/gradle/plugin/use/internal/PluginRequestCollector$PluginDependenciesSpecImplCustomizer> (0x00000000eea1cd98) thrown at [t:/workspace/open/src/hotspot/share/classfile/systemDictionary
Event: 14.544 Thread 0x0000021dfeb4f800 Exception <a 'java/lang/ClassNotFoundException'{0x00000000eea64070}: org/gradle/plugin/use/internal/PluginRequestCollector$PluginDependencySpecImplBeanInfo> (0x00000000eea64070) thrown at [t:/workspace/open/src/hotspot/share/classfile/systemDictionary.cpp
Event: 14.546 Thread 0x0000021dfeb4f800 Exception <a 'java/lang/ClassNotFoundException'{0x00000000eea85f88}: org/gradle/plugin/use/internal/PluginRequestCollector$PluginDependencySpecImplCustomizer> (0x00000000eea85f88) thrown at [t:/workspace/open/src/hotspot/share/classfile/systemDictionary.c
Event: 14.619 Thread 0x0000021dfeb4f800 Exception <a 'java/lang/NoSuchMethodError'{0x00000000ee7ace58}: java.lang.invoke.DirectMethodHandle$Holder.invokeStaticInit(Ljava/lang/Object;Ljava/lang/Object;Ljava/lang/Object;Ljava/lang/Object;)I> (0x00000000ee7ace58) thrown at [t:/workspace/open/src/h
Event: 14.626 Thread 0x0000021dfeb4f800 Exception <a 'java/lang/NoSuchMethodError'{0x00000000ee7c4840}: java.lang.invoke.DirectMethodHandle$Holder.invokeInterface(Ljava/lang/Object;Ljava/lang/Object;)V> (0x00000000ee7c4840) thrown at [t:/workspace/open/src/hotspot/share/interpreter/linkResolver
Event: 14.678 Thread 0x0000021dfeb4f800 Exception <a 'java/lang/NoSuchMethodError'{0x00000000ee5cd3f0}: java.lang.invoke.DirectMethodHandle$Holder.invokeSpecial(Ljava/lang/Object;Ljava/lang/Object;)V> (0x00000000ee5cd3f0) thrown at [t:/workspace/open/src/hotspot/share/interpreter/linkResolver.c
Event: 14.809 Thread 0x0000021dfeb4f800 Exception <a 'java/lang/NoSuchMethodError'{0x00000000edf1e448}: java.lang.invoke.DirectMethodHandle$Holder.invokeStatic(Ljava/lang/Object;Ljava/lang/Object;Ljava/lang/Object;I)Ljava/lang/Object;> (0x00000000edf1e448) thrown at [t:/workspace/open/src/hotsp
Event: 14.810 Thread 0x0000021dfeb4f800 Exception <a 'java/lang/NoSuchMethodError'{0x00000000edf22a60}: java.lang.invoke.DirectMethodHandle$Holder.invokeSpecial(Ljava/lang/Object;Ljava/lang/Object;Ljava/lang/Object;Ljava/lang/Object;I)Ljava/lang/Object;> (0x00000000edf22a60) thrown at [t:/works
Event: 14.810 Thread 0x0000021dfeb4f800 Exception <a 'java/lang/NoSuchMethodError'{0x00000000edf26990}: java.lang.invoke.Invokers$Holder.linkToTargetMethod(Ljava/lang/Object;Ljava/lang/Object;ILjava/lang/Object;)Ljava/lang/Object;> (0x00000000edf26990) thrown at [t:/workspace/open/src/hotspot/s

Events (10 events):
Event: 14.973 loading class org/gradle/internal/component/model/ModuleSources
Event: 14.973 loading class org/gradle/internal/component/model/ModuleSources done
Event: 14.974 loading class org/gradle/internal/component/external/model/FixedComponentArtifacts
Event: 14.974 loading class org/gradle/internal/component/external/model/FixedComponentArtifacts done
Event: 14.975 loading class org/gradle/internal/component/model/ComponentArtifacts
Event: 14.975 loading class org/gradle/internal/component/model/ComponentArtifacts done
Event: 14.976 loading class org/gradle/internal/Describables$ThreePartDescribable
Event: 14.976 loading class org/gradle/internal/Describables$ThreePartDescribable done
Event: 14.977 loading class org/gradle/api/internal/artifacts/ivyservice/resolveengine/artifact/DefaultArtifactSet
Event: 14.977 loading class org/gradle/api/internal/artifacts/ivyservice/resolveengine/artifact/DefaultArtifactSet done


Dynamic libraries:
0x00007ff7f3170000 - 0x00007ff7f31b7000 	C:\Program Files\Java\jdk-11.0.5\bin\java.exe
0x00007ffac4640000 - 0x00007ffac4830000 	C:\Windows\SYSTEM32\ntdll.dll
0x00007ffac44b0000 - 0x00007ffac4562000 	C:\Windows\System32\KERNEL32.DLL
0x00007ffac2310000 - 0x00007ffac25b3000 	C:\Windows\System32\KERNELBASE.dll
0x00007ffac3ed0000 - 0x00007ffac3f73000 	C:\Windows\System32\ADVAPI32.dll
0x00007ffac3500000 - 0x00007ffac359e000 	C:\Windows\System32\msvcrt.dll
0x00007ffac3460000 - 0x00007ffac34f7000 	C:\Windows\System32\sechost.dll
0x00007ffac35a0000 - 0x00007ffac36c0000 	C:\Windows\System32\RPCRT4.dll
0x00007ffac3210000 - 0x00007ffac33a4000 	C:\Windows\System32\USER32.dll
0x00007ffac2240000 - 0x00007ffac2261000 	C:\Windows\System32\win32u.dll
0x00007ffac3f80000 - 0x00007ffac3fa6000 	C:\Windows\System32\GDI32.dll
0x00007ffac20a0000 - 0x00007ffac2234000 	C:\Windows\System32\gdi32full.dll
0x00007ffac15d0000 - 0x00007ffac166e000 	C:\Windows\System32\msvcp_win.dll
0x00007ffac1e50000 - 0x00007ffac1f4a000 	C:\Windows\System32\ucrtbase.dll
0x00007ffac0a20000 - 0x00007ffac0ca5000 	C:\Windows\WinSxS\amd64_microsoft.windows.common-controls_6595b64144ccf1df_6.0.18362.657_none_e6c5b579130e3898\COMCTL32.dll
0x00007ffabf160000 - 0x00007ffabf16a000 	C:\Windows\SYSTEM32\VERSION.dll
0x00007ffac2a50000 - 0x00007ffac2d86000 	C:\Windows\System32\combase.dll
0x00007ffac2290000 - 0x00007ffac2310000 	C:\Windows\System32\bcryptPrimitives.dll
0x00007ffac4480000 - 0x00007ffac44ae000 	C:\Windows\System32\IMM32.DLL
0x00007ffa95180000 - 0x00007ffa95196000 	C:\Program Files\Java\jdk-11.0.5\bin\vcruntime140.dll
0x00007ffa85220000 - 0x00007ffa852ca000 	C:\Program Files\Java\jdk-11.0.5\bin\msvcp140.dll
0x00007ffa6de00000 - 0x00007ffa6e928000 	C:\Program Files\Java\jdk-11.0.5\bin\server\jvm.dll
0x00007ffac3200000 - 0x00007ffac3208000 	C:\Windows\System32\PSAPI.DLL
0x00007ffab3a90000 - 0x00007ffab3a99000 	C:\Windows\SYSTEM32\WSOCK32.dll
0x00007ffabe310000 - 0x00007ffabe334000 	C:\Windows\SYSTEM32\WINMM.dll
0x00007ffac43b0000 - 0x00007ffac441f000 	C:\Windows\System32\WS2_32.dll
0x00007ffabe2b0000 - 0x00007ffabe2dd000 	C:\Windows\SYSTEM32\WINMMBASE.dll
0x00007ffac26a0000 - 0x00007ffac26ea000 	C:\Windows\System32\cfgmgr32.dll
0x00007ffac1520000 - 0x00007ffac1531000 	C:\Windows\System32\kernel.appcore.dll
0x00007ffab2ae0000 - 0x00007ffab2af1000 	C:\Program Files\Java\jdk-11.0.5\bin\verify.dll
0x00007ffac1030000 - 0x00007ffac1224000 	C:\Windows\SYSTEM32\DBGHELP.DLL
0x00007ffac0f40000 - 0x00007ffac0f6a000 	C:\Windows\SYSTEM32\dbgcore.DLL
0x00007ffab1710000 - 0x00007ffab1739000 	C:\Program Files\Java\jdk-11.0.5\bin\java.dll
0x00007ffab19d0000 - 0x00007ffab19e6000 	C:\Program Files\Java\jdk-11.0.5\bin\zip.dll
0x00007ffab3740000 - 0x00007ffab374a000 	C:\Program Files\Java\jdk-11.0.5\bin\jimage.dll
0x00007ffac36c0000 - 0x00007ffac3da5000 	C:\Windows\System32\SHELL32.dll
0x00007ffac3db0000 - 0x00007ffac3e59000 	C:\Windows\System32\shcore.dll
0x00007ffac16d0000 - 0x00007ffac1e4f000 	C:\Windows\System32\windows.storage.dll
0x00007ffac15b0000 - 0x00007ffac15cf000 	C:\Windows\System32\profapi.dll
0x00007ffac1560000 - 0x00007ffac15aa000 	C:\Windows\System32\powrprof.dll
0x00007ffac1510000 - 0x00007ffac1520000 	C:\Windows\System32\UMPDC.dll
0x00007ffac4420000 - 0x00007ffac4472000 	C:\Windows\System32\shlwapi.dll
0x00007ffac2270000 - 0x00007ffac2287000 	C:\Windows\System32\cryptsp.dll
0x00007ffab16f0000 - 0x00007ffab1709000 	C:\Program Files\Java\jdk-11.0.5\bin\net.dll
0x00007ffab7630000 - 0x00007ffab7720000 	C:\Windows\SYSTEM32\WINHTTP.dll
0x00007ffac06b0000 - 0x00007ffac0717000 	C:\Windows\system32\mswsock.dll
0x00007ffab1570000 - 0x00007ffab1583000 	C:\Program Files\Java\jdk-11.0.5\bin\nio.dll
0x00007ffaa4730000 - 0x00007ffaa4757000 	C:\Users\Lositha\.gradle\native\481b90ef2c2b5ab96622bab5346fdaaafe5c91895d4d4de1c4fe4b2e89a8011f\windows-amd64\native-platform.dll
0x00007ffab1560000 - 0x00007ffab1569000 	C:\Program Files\Java\jdk-11.0.5\bin\management.dll
0x00007ffab1550000 - 0x00007ffab155c000 	C:\Program Files\Java\jdk-11.0.5\bin\management_ext.dll
0x00007ffac0230000 - 0x00007ffac0263000 	C:\Windows\system32\rsaenh.dll
0x00007ffac25c0000 - 0x00007ffac25e6000 	C:\Windows\System32\bcrypt.dll
0x00007ffac1400000 - 0x00007ffac1425000 	C:\Windows\SYSTEM32\USERENV.dll
0x00007ffac0830000 - 0x00007ffac083c000 	C:\Windows\SYSTEM32\CRYPTBASE.dll
0x00007ffac03d0000 - 0x00007ffac040a000 	C:\Windows\SYSTEM32\IPHLPAPI.DLL
0x00007ffac45f0000 - 0x00007ffac45f8000 	C:\Windows\System32\NSI.dll
0x00007ffab73c0000 - 0x00007ffab73d6000 	C:\Windows\SYSTEM32\dhcpcsvc6.DLL
0x00007ffab7390000 - 0x00007ffab73ac000 	C:\Windows\SYSTEM32\dhcpcsvc.DLL
0x00007ffac0410000 - 0x00007ffac04da000 	C:\Windows\SYSTEM32\DNSAPI.dll
0x00007ffab7720000 - 0x00007ffab772b000 	C:\Windows\SYSTEM32\WINNSI.DLL

dbghelp: loaded successfully - version: 4.0.5 - missing functions: none
symbol engine: initialized successfully - sym options: 0x614 - pdb path: .;C:\Program Files\Java\jdk-11.0.5\bin;C:\Windows\SYSTEM32;C:\Windows\WinSxS\amd64_microsoft.windows.common-controls_6595b64144ccf1df_6.0.18362.657_none_e6c5b579130e3898;C:\Program Files\Java\jdk-11.0.5\bin\server;C:\Users\Lositha\.gradle\native\481b90ef2c2b5ab96622bab5346fdaaafe5c91895d4d4de1c4fe4b2e89a8011f\windows-amd64

VM Arguments:
jvm_args: -XX:MaxMetaspaceSize=256m -XX:+HeapDumpOnOutOfMemoryError --add-opens=java.base/java.util=ALL-UNNAMED --add-opens=java.base/java.lang=ALL-UNNAMED --add-opens=java.base/java.lang.invoke=ALL-UNNAMED --add-opens=java.prefs/java.util.prefs=ALL-UNNAMED -Xms256m -Xmx512m -Dfile.encoding=windows-1252 -Duser.country=US -Duser.language=en -Duser.variant 
java_command: org.gradle.launcher.daemon.bootstrap.GradleDaemon 6.4.1
java_class_path (initial): C:\Users\Lositha\.gradle\wrapper\dists\gradle-6.4.1-all\13imxtezgn9nwzqt8rgtkunh1\gradle-6.4.1\lib\gradle-launcher-6.4.1.jar
Launcher Type: SUN_STANDARD

[Global flags]
     intx CICompilerCount                          = 3                                         {product} {ergonomic}
   size_t CompressedClassSpaceSize                 = 260046848                                 {product} {ergonomic}
     uint ConcGCThreads                            = 1                                         {product} {ergonomic}
     uint G1ConcRefinementThreads                  = 4                                         {product} {ergonomic}
   size_t G1HeapRegionSize                         = 1048576                                   {product} {ergonomic}
    uintx GCDrainStackTargetSize                   = 64                                        {product} {ergonomic}
     bool HeapDumpOnOutOfMemoryError               = true                                   {manageable} {command line}
   size_t InitialHeapSize                          = 268435456                                 {product} {command line}
   size_t MarkStackSize                            = 4194304                                   {product} {ergonomic}
   size_t MaxHeapSize                              = 536870912                                 {product} {command line}
   size_t MaxMetaspaceSize                         = 268435456                                 {product} {command line}
   size_t MaxNewSize                               = 321912832                                 {product} {ergonomic}
   size_t MinHeapDeltaBytes                        = 1048576                                   {product} {ergonomic}
    uintx NonNMethodCodeHeapSize                   = 5830732                                {pd product} {ergonomic}
    uintx NonProfiledCodeHeapSize                  = 122913754                              {pd product} {ergonomic}
    uintx ProfiledCodeHeapSize                     = 122913754                              {pd product} {ergonomic}
    uintx ReservedCodeCacheSize                    = 251658240                              {pd product} {ergonomic}
     bool SegmentedCodeCache                       = true                                      {product} {ergonomic}
     bool UseCompressedClassPointers               = true                                 {lp64_product} {ergonomic}
     bool UseCompressedOops                        = true                                 {lp64_product} {ergonomic}
     bool UseG1GC                                  = true                                      {product} {ergonomic}
     bool UseLargePagesIndividualAllocation        = false                                  {pd product} {ergonomic}

Logging:
Log output configuration:
 #0: stdout all=warning uptime,level,tags
 #1: stderr all=off uptime,level,tags

Environment Variables:
JAVA_HOME=C:\Program Files\Java\jdk-11.0.5
PATH=C:\ProgramData\DockerDesktop\version-bin;C:\Program Files\Docker\Docker\Resources\bin;C:\Windows\system32;C:\Windows;C:\Windows\System32\Wbem;C:\Windows\System32\WindowsPowerShell\v1.0\;C:\Windows\System32\OpenSSH\;C:\Program Files\Git\cmd;C:\Program Files (x86)\ATI Technologies\ATI.ACE\Core-Static;C:\Program Files\Java\jdk-11.0.5\bin;C:\wamp64\bin\mysql\mysql5.7.26\bin;C:\Program Files\nodejs\;C:\wamp64\bin\php\php7.2.18;C:\ProgramData\ComposerSetup\bin;C:\ProgramData\chocolatey\bin;C:\Users\Lositha\AppData\Local\Programs\Python\Python36-32\Scripts\;C:\Users\Lositha\AppData\Local\Programs\Python\Python36-32\;C:\Users\Lositha\AppData\Local\Microsoft\WindowsApps;C:\Program Files\JetBrains\IntelliJ IDEA 2019.3.3\bin;C:\Users\Lositha\AppData\Local\Programs\Microsoft VS Code\bin;C:\Users\Lositha\AppData\Roaming\npm;C:\Users\Lositha\AppData\Roaming\Composer\vendor\bin;C:\Program Files\JetBrains\PhpStorm 2019.3.3\bin;C:\Program Files\heroku\bin
USERNAME=Lositha
OS=Windows_NT
PROCESSOR_IDENTIFIER=AMD64 Family 21 Model 19 Stepping 1, AuthenticAMD



---------------  S Y S T E M  ---------------

OS: Windows 10 , 64 bit Build 18362 (10.0.18362.329)

CPU:total 4 (initial active 4) (4 cores per cpu, 1 threads per core) family 21 model 19 stepping 1, cmov, cx8, fxsr, mmx, sse, sse2, sse3, ssse3, sse4.1, sse4.2, popcnt, avx, aes, clmul, mmxext, 3dnowpref, lzcnt, sse4a, tsc, tscinvbit, tscinv, bmi1, fma

Memory: 4k page, system-wide physical 7361M (418M free)
TotalPageFile size 12563M (AvailPageFile size 5M)
current process WorkingSet (physical memory assigned to process): 301M, peak: 301M
current process commit charge ("private bytes"): 446M, peak: 448M

vm_info: Java HotSpot(TM) 64-Bit Server VM (11.0.5+10-LTS) for windows-amd64 JRE (11.0.5+10-LTS), built on Oct  6 2019 12:37:14 by "mach5one" with MS VC++ 15.5 (VS2017)

END.
